2023-10-10 12:00:00 - FOLD 1 Start
2023-10-10 12:00:00 - --------------------------------
2023-10-10 12:00:00 - Fold 0 Distribution:
2023-10-10 12:00:00 - +-------------------+-------+-------+
2023-10-10 12:00:00 - |                   | Label 0 | Label 1 |
2023-10-10 12:00:00 - +-------------------+-------+-------+
2023-10-10 12:00:00 - | Train            |   52    |   31    |
2023-10-10 12:00:00 - +-------------------+-------+-------+
2023-10-10 12:00:00 - | Validation       |   14    |   7    |
2023-10-10 12:00:00 - +-------------------+-------+-------+
2023-10-10 12:00:00 - Epoch 1 ----------------------------------------------
2023-10-10 12:00:00 - Train Loss       : 0.5110
2023-10-10 12:00:00 - Train Accuracy   : 0.7211
2023-10-10 12:00:00 - Train F1 Score   : 0.6913
2023-10-10 12:00:00 - Train Precision  : 0.7494
2023-10-10 12:00:00 - Train Recall     : 0.8520
2023-10-10 12:00:00 - Train Specificity: 0.7251
2023-10-10 12:00:00 - Epoch 2 ----------------------------------------------
2023-10-10 12:00:00 - Train Loss       : 0.3282
2023-10-10 12:00:00 - Train Accuracy   : 0.8127
2023-10-10 12:00:00 - Train F1 Score   : 0.6821
2023-10-10 12:00:00 - Train Precision  : 0.7441
2023-10-10 12:00:00 - Train Recall     : 0.8959
2023-10-10 12:00:00 - Train Specificity: 0.8575
2023-10-10 12:00:00 - Epoch 3 ----------------------------------------------
2023-10-10 12:00:00 - Train Loss       : 0.4123
2023-10-10 12:00:00 - Train Accuracy   : 0.7136
2023-10-10 12:00:00 - Train F1 Score   : 0.6087
2023-10-10 12:00:00 - Train Precision  : 0.7067
2023-10-10 12:00:00 - Train Recall     : 0.8608
2023-10-10 12:00:00 - Train Specificity: 0.8180
2023-10-10 12:00:00 - Epoch 4 ----------------------------------------------
2023-10-10 12:00:00 - Train Loss       : 0.5961
2023-10-10 12:00:00 - Train Accuracy   : 0.8633
2023-10-10 12:00:00 - Train F1 Score   : 0.7770
2023-10-10 12:00:00 - Train Precision  : 0.7420
2023-10-10 12:00:00 - Train Recall     : 0.8749
2023-10-10 12:00:00 - Train Specificity: 0.8228
2023-10-10 12:00:00 - Epoch 5 ----------------------------------------------
2023-10-10 12:00:00 - Train Loss       : 0.4423
2023-10-10 12:00:00 - Train Accuracy   : 0.7372
2023-10-10 12:00:00 - Train F1 Score   : 0.6157
2023-10-10 12:00:00 - Train Precision  : 0.6328
2023-10-10 12:00:00 - Train Recall     : 0.7669
2023-10-10 12:00:00 - Train Specificity: 0.7049
2023-10-10 12:00:00 - Epoch 6 ----------------------------------------------
2023-10-10 12:00:00 - Train Loss       : 0.4642
2023-10-10 12:00:00 - Train Accuracy   : 0.8249
2023-10-10 12:00:00 - Train F1 Score   : 0.6197
2023-10-10 12:00:00 - Train Precision  : 0.7181
2023-10-10 12:00:00 - Train Recall     : 0.8689
2023-10-10 12:00:00 - Train Specificity: 0.8312
2023-10-10 12:00:00 - Epoch 7 ----------------------------------------------
2023-10-10 12:00:00 - Train Loss       : 0.5054
2023-10-10 12:00:00 - Train Accuracy   : 0.8744
2023-10-10 12:00:00 - Train F1 Score   : 0.7480
2023-10-10 12:00:00 - Train Precision  : 0.6607
2023-10-10 12:00:00 - Train Recall     : 0.7801
2023-10-10 12:00:00 - Train Specificity: 0.7294
2023-10-10 12:00:00 - Epoch 8 ----------------------------------------------
2023-10-10 12:00:00 - Train Loss       : 0.3605
2023-10-10 12:00:00 - Train Accuracy   : 0.7349
2023-10-10 12:00:00 - Train F1 Score   : 0.7063
2023-10-10 12:00:00 - Train Precision  : 0.6241
2023-10-10 12:00:00 - Train Recall     : 0.8007
2023-10-10 12:00:00 - Train Specificity: 0.8442
2023-10-10 12:00:00 - Epoch 9 ----------------------------------------------
2023-10-10 12:00:00 - Train Loss       : 0.3089
2023-10-10 12:00:00 - Train Accuracy   : 0.8076
2023-10-10 12:00:00 - Train F1 Score   : 0.6913
2023-10-10 12:00:00 - Train Precision  : 0.6265
2023-10-10 12:00:00 - Train Recall     : 0.8507
2023-10-10 12:00:00 - Train Specificity: 0.8783
2023-10-10 12:00:00 - Epoch 10 ----------------------------------------------
2023-10-10 12:00:00 - Train Loss       : 0.4934
2023-10-10 12:00:00 - Train Accuracy   : 0.8642
2023-10-10 12:00:00 - Train F1 Score   : 0.7017
2023-10-10 12:00:00 - Train Precision  : 0.7723
2023-10-10 12:00:00 - Train Recall     : 0.7126
2023-10-10 12:00:00 - Train Specificity: 0.7278
2023-10-10 12:00:00 - Epoch 11 ----------------------------------------------
2023-10-10 12:00:00 - Train Loss       : 0.4141
2023-10-10 12:00:00 - Train Accuracy   : 0.8300
2023-10-10 12:00:00 - Train F1 Score   : 0.7277
2023-10-10 12:00:00 - Train Precision  : 0.6058
2023-10-10 12:00:00 - Train Recall     : 0.8064
2023-10-10 12:00:00 - Train Specificity: 0.7581
2023-10-10 12:00:00 - Epoch 12 ----------------------------------------------
2023-10-10 12:00:00 - Train Loss       : 0.5149
2023-10-10 12:00:00 - Train Accuracy   : 0.8211
2023-10-10 12:00:00 - Train F1 Score   : 0.7145
2023-10-10 12:00:00 - Train Precision  : 0.7361
2023-10-10 12:00:00 - Train Recall     : 0.8113
2023-10-10 12:00:00 - Train Specificity: 0.7265
2023-10-10 12:00:00 - Epoch 13 ----------------------------------------------
2023-10-10 12:00:00 - Train Loss       : 0.3058
2023-10-10 12:00:00 - Train Accuracy   : 0.8235
2023-10-10 12:00:00 - Train F1 Score   : 0.6393
2023-10-10 12:00:00 - Train Precision  : 0.6826
2023-10-10 12:00:00 - Train Recall     : 0.8362
2023-10-10 12:00:00 - Train Specificity: 0.8434
2023-10-10 12:00:00 - Epoch 14 ----------------------------------------------
2023-10-10 12:00:00 - Train Loss       : 0.3288
2023-10-10 12:00:00 - Train Accuracy   : 0.7376
2023-10-10 12:00:00 - Train F1 Score   : 0.6683
2023-10-10 12:00:00 - Train Precision  : 0.6866
2023-10-10 12:00:00 - Train Recall     : 0.7268
2023-10-10 12:00:00 - Train Specificity: 0.7454
2023-10-10 12:00:00 - Epoch 15 ----------------------------------------------
2023-10-10 12:00:00 - Train Loss       : 0.4756
2023-10-10 12:00:00 - Train Accuracy   : 0.8949
2023-10-10 12:00:00 - Train F1 Score   : 0.7419
2023-10-10 12:00:00 - Train Precision  : 0.7935
2023-10-10 12:00:00 - Train Recall     : 0.7969
2023-10-10 12:00:00 - Train Specificity: 0.8876
2023-10-10 12:00:00 - Epoch 16 ----------------------------------------------
2023-10-10 12:00:00 - Train Loss       : 0.4258
2023-10-10 12:00:00 - Train Accuracy   : 0.8882
2023-10-10 12:00:00 - Train F1 Score   : 0.6701
2023-10-10 12:00:00 - Train Precision  : 0.6506
2023-10-10 12:00:00 - Train Recall     : 0.7737
2023-10-10 12:00:00 - Train Specificity: 0.8394
2023-10-10 12:00:00 - Epoch 17 ----------------------------------------------
2023-10-10 12:00:00 - Train Loss       : 0.4105
2023-10-10 12:00:00 - Train Accuracy   : 0.8838
2023-10-10 12:00:00 - Train F1 Score   : 0.6427
2023-10-10 12:00:00 - Train Precision  : 0.6670
2023-10-10 12:00:00 - Train Recall     : 0.7074
2023-10-10 12:00:00 - Train Specificity: 0.8834
2023-10-10 12:00:00 - Epoch 18 ----------------------------------------------
2023-10-10 12:00:00 - Train Loss       : 0.5970
2023-10-10 12:00:00 - Train Accuracy   : 0.8060
2023-10-10 12:00:00 - Train F1 Score   : 0.6884
2023-10-10 12:00:00 - Train Precision  : 0.7296
2023-10-10 12:00:00 - Train Recall     : 0.8114
2023-10-10 12:00:00 - Train Specificity: 0.7730
2023-10-10 12:00:00 - Epoch 19 ----------------------------------------------
2023-10-10 12:00:00 - Train Loss       : 0.4948
2023-10-10 12:00:00 - Train Accuracy   : 0.7574
2023-10-10 12:00:00 - Train F1 Score   : 0.6234
2023-10-10 12:00:00 - Train Precision  : 0.6342
2023-10-10 12:00:00 - Train Recall     : 0.8490
2023-10-10 12:00:00 - Train Specificity: 0.7015
2023-10-10 12:00:00 - Epoch 20 ----------------------------------------------
2023-10-10 12:00:00 - Train Loss       : 0.4220
2023-10-10 12:00:00 - Train Accuracy   : 0.7620
2023-10-10 12:00:00 - Train F1 Score   : 0.6467
2023-10-10 12:00:00 - Train Precision  : 0.7356
2023-10-10 12:00:00 - Train Recall     : 0.7002
2023-10-10 12:00:00 - Train Specificity: 0.7507
2023-10-10 12:00:00 - Epoch 21 ----------------------------------------------
2023-10-10 12:00:00 - Train Loss       : 0.3524
2023-10-10 12:00:00 - Train Accuracy   : 0.7664
2023-10-10 12:00:00 - Train F1 Score   : 0.6879
2023-10-10 12:00:00 - Train Precision  : 0.7655
2023-10-10 12:00:00 - Train Recall     : 0.7498
2023-10-10 12:00:00 - Train Specificity: 0.7251
2023-10-10 12:00:00 - Epoch 22 ----------------------------------------------
2023-10-10 12:00:00 - Train Loss       : 0.4947
2023-10-10 12:00:00 - Train Accuracy   : 0.7766
2023-10-10 12:00:00 - Train F1 Score   : 0.7754
2023-10-10 12:00:00 - Train Precision  : 0.7021
2023-10-10 12:00:00 - Train Recall     : 0.7741
2023-10-10 12:00:00 - Train Specificity: 0.8596
2023-10-10 12:00:00 - Epoch 23 ----------------------------------------------
2023-10-10 12:00:00 - Train Loss       : 0.3723
2023-10-10 12:00:00 - Train Accuracy   : 0.8022
2023-10-10 12:00:00 - Train F1 Score   : 0.6921
2023-10-10 12:00:00 - Train Precision  : 0.7321
2023-10-10 12:00:00 - Train Recall     : 0.7691
2023-10-10 12:00:00 - Train Specificity: 0.8441
2023-10-10 12:00:00 - Epoch 24 ----------------------------------------------
2023-10-10 12:00:00 - Train Loss       : 0.5278
2023-10-10 12:00:00 - Train Accuracy   : 0.8979
2023-10-10 12:00:00 - Train F1 Score   : 0.6655
2023-10-10 12:00:00 - Train Precision  : 0.7566
2023-10-10 12:00:00 - Train Recall     : 0.8899
2023-10-10 12:00:00 - Train Specificity: 0.7879
2023-10-10 12:00:00 - Epoch 25 ----------------------------------------------
2023-10-10 12:00:00 - Train Loss       : 0.5223
2023-10-10 12:00:00 - Train Accuracy   : 0.8297
2023-10-10 12:00:00 - Train F1 Score   : 0.7323
2023-10-10 12:00:00 - Train Precision  : 0.7717
2023-10-10 12:00:00 - Train Recall     : 0.7647
2023-10-10 12:00:00 - Train Specificity: 0.7921
2023-10-10 12:00:00 - Epoch 26 ----------------------------------------------
2023-10-10 12:00:00 - Train Loss       : 0.3675
2023-10-10 12:00:00 - Train Accuracy   : 0.7795
2023-10-10 12:00:00 - Train F1 Score   : 0.6410
2023-10-10 12:00:00 - Train Precision  : 0.7696
2023-10-10 12:00:00 - Train Recall     : 0.7688
2023-10-10 12:00:00 - Train Specificity: 0.8992
2023-10-10 12:00:00 - Epoch 27 ----------------------------------------------
2023-10-10 12:00:00 - Train Loss       : 0.3576
2023-10-10 12:00:00 - Train Accuracy   : 0.7502
2023-10-10 12:00:00 - Train F1 Score   : 0.7197
2023-10-10 12:00:00 - Train Precision  : 0.6409
2023-10-10 12:00:00 - Train Recall     : 0.7232
2023-10-10 12:00:00 - Train Specificity: 0.7838
2023-10-10 12:00:00 - Epoch 28 ----------------------------------------------
2023-10-10 12:00:00 - Train Loss       : 0.3372
2023-10-10 12:00:00 - Train Accuracy   : 0.7489
2023-10-10 12:00:00 - Train F1 Score   : 0.6969
2023-10-10 12:00:00 - Train Precision  : 0.6931
2023-10-10 12:00:00 - Train Recall     : 0.8886
2023-10-10 12:00:00 - Train Specificity: 0.8480
2023-10-10 12:00:00 - Epoch 29 ----------------------------------------------
2023-10-10 12:00:00 - Train Loss       : 0.3731
2023-10-10 12:00:00 - Train Accuracy   : 0.7129
2023-10-10 12:00:00 - Train F1 Score   : 0.7465
2023-10-10 12:00:00 - Train Precision  : 0.7282
2023-10-10 12:00:00 - Train Recall     : 0.8683
2023-10-10 12:00:00 - Train Specificity: 0.7976
2023-10-10 12:00:00 - Epoch 30 ----------------------------------------------
2023-10-10 12:00:00 - Train Loss       : 0.5402
2023-10-10 12:00:00 - Train Accuracy   : 0.7488
2023-10-10 12:00:00 - Train F1 Score   : 0.6476
2023-10-10 12:00:00 - Train Precision  : 0.7165
2023-10-10 12:00:00 - Train Recall     : 0.7484
2023-10-10 12:00:00 - Train Specificity: 0.8358
2023-10-10 12:00:00 - Epoch 31 ----------------------------------------------
2023-10-10 12:00:00 - Train Loss       : 0.5496
2023-10-10 12:00:00 - Train Accuracy   : 0.7072
2023-10-10 12:00:00 - Train F1 Score   : 0.6357
2023-10-10 12:00:00 - Train Precision  : 0.7960
2023-10-10 12:00:00 - Train Recall     : 0.8486
2023-10-10 12:00:00 - Train Specificity: 0.8731
2023-10-10 12:00:00 - Epoch 32 ----------------------------------------------
2023-10-10 12:00:00 - Train Loss       : 0.5421
2023-10-10 12:00:00 - Train Accuracy   : 0.7993
2023-10-10 12:00:00 - Train F1 Score   : 0.6883
2023-10-10 12:00:00 - Train Precision  : 0.7366
2023-10-10 12:00:00 - Train Recall     : 0.7215
2023-10-10 12:00:00 - Train Specificity: 0.8151
2023-10-10 12:00:00 - Epoch 33 ----------------------------------------------
2023-10-10 12:00:00 - Train Loss       : 0.5498
2023-10-10 12:00:00 - Train Accuracy   : 0.7153
2023-10-10 12:00:00 - Train F1 Score   : 0.7856
2023-10-10 12:00:00 - Train Precision  : 0.6535
2023-10-10 12:00:00 - Train Recall     : 0.8771
2023-10-10 12:00:00 - Train Specificity: 0.8547
2023-10-10 12:00:00 - Epoch 34 ----------------------------------------------
2023-10-10 12:00:00 - Train Loss       : 0.3874
2023-10-10 12:00:00 - Train Accuracy   : 0.8318
2023-10-10 12:00:00 - Train F1 Score   : 0.7799
2023-10-10 12:00:00 - Train Precision  : 0.7750
2023-10-10 12:00:00 - Train Recall     : 0.8286
2023-10-10 12:00:00 - Train Specificity: 0.8993
2023-10-10 12:00:00 - Epoch 35 ----------------------------------------------
2023-10-10 12:00:00 - Train Loss       : 0.3900
2023-10-10 12:00:00 - Train Accuracy   : 0.7643
2023-10-10 12:00:00 - Train F1 Score   : 0.6314
2023-10-10 12:00:00 - Train Precision  : 0.6169
2023-10-10 12:00:00 - Train Recall     : 0.7477
2023-10-10 12:00:00 - Train Specificity: 0.8456
2023-10-10 12:00:00 - Epoch 36 ----------------------------------------------
2023-10-10 12:00:00 - Train Loss       : 0.3589
2023-10-10 12:00:00 - Train Accuracy   : 0.7395
2023-10-10 12:00:00 - Train F1 Score   : 0.7417
2023-10-10 12:00:00 - Train Precision  : 0.7714
2023-10-10 12:00:00 - Train Recall     : 0.7168
2023-10-10 12:00:00 - Train Specificity: 0.8148
2023-10-10 12:00:00 - Epoch 37 ----------------------------------------------
2023-10-10 12:00:00 - Train Loss       : 0.5298
2023-10-10 12:00:00 - Train Accuracy   : 0.8728
2023-10-10 12:00:00 - Train F1 Score   : 0.6701
2023-10-10 12:00:00 - Train Precision  : 0.7255
2023-10-10 12:00:00 - Train Recall     : 0.7641
2023-10-10 12:00:00 - Train Specificity: 0.8134
2023-10-10 12:00:00 - Epoch 38 ----------------------------------------------
2023-10-10 12:00:00 - Train Loss       : 0.4994
2023-10-10 12:00:00 - Train Accuracy   : 0.8314
2023-10-10 12:00:00 - Train F1 Score   : 0.6105
2023-10-10 12:00:00 - Train Precision  : 0.7851
2023-10-10 12:00:00 - Train Recall     : 0.8201
2023-10-10 12:00:00 - Train Specificity: 0.8181
2023-10-10 12:00:00 - Epoch 39 ----------------------------------------------
2023-10-10 12:00:00 - Train Loss       : 0.5397
2023-10-10 12:00:00 - Train Accuracy   : 0.7091
2023-10-10 12:00:00 - Train F1 Score   : 0.7498
2023-10-10 12:00:00 - Train Precision  : 0.7437
2023-10-10 12:00:00 - Train Recall     : 0.7294
2023-10-10 12:00:00 - Train Specificity: 0.8534
2023-10-10 12:00:00 - Epoch 40 ----------------------------------------------
2023-10-10 12:00:00 - Train Loss       : 0.4000
2023-10-10 12:00:00 - Train Accuracy   : 0.7582
2023-10-10 12:00:00 - Train F1 Score   : 0.7285
2023-10-10 12:00:00 - Train Precision  : 0.7441
2023-10-10 12:00:00 - Train Recall     : 0.8159
2023-10-10 12:00:00 - Train Specificity: 0.7979
2023-10-10 12:00:00 - Epoch 41 ----------------------------------------------
2023-10-10 12:00:00 - Train Loss       : 0.3893
2023-10-10 12:00:00 - Train Accuracy   : 0.7864
2023-10-10 12:00:00 - Train F1 Score   : 0.6325
2023-10-10 12:00:00 - Train Precision  : 0.6290
2023-10-10 12:00:00 - Train Recall     : 0.7307
2023-10-10 12:00:00 - Train Specificity: 0.8026
2023-10-10 12:00:00 - Epoch 42 ----------------------------------------------
2023-10-10 12:00:00 - Train Loss       : 0.4459
2023-10-10 12:00:00 - Train Accuracy   : 0.8490
2023-10-10 12:00:00 - Train F1 Score   : 0.6303
2023-10-10 12:00:00 - Train Precision  : 0.7214
2023-10-10 12:00:00 - Train Recall     : 0.8050
2023-10-10 12:00:00 - Train Specificity: 0.7763
2023-10-10 12:00:00 - Epoch 43 ----------------------------------------------
2023-10-10 12:00:00 - Train Loss       : 0.5972
2023-10-10 12:00:00 - Train Accuracy   : 0.8889
2023-10-10 12:00:00 - Train F1 Score   : 0.7704
2023-10-10 12:00:00 - Train Precision  : 0.6720
2023-10-10 12:00:00 - Train Recall     : 0.7785
2023-10-10 12:00:00 - Train Specificity: 0.8222
2023-10-10 12:00:00 - Epoch 44 ----------------------------------------------
2023-10-10 12:00:00 - Train Loss       : 0.5413
2023-10-10 12:00:00 - Train Accuracy   : 0.7053
2023-10-10 12:00:00 - Train F1 Score   : 0.6621
2023-10-10 12:00:00 - Train Precision  : 0.7939
2023-10-10 12:00:00 - Train Recall     : 0.8662
2023-10-10 12:00:00 - Train Specificity: 0.7473
2023-10-10 12:00:00 - Epoch 45 ----------------------------------------------
2023-10-10 12:00:00 - Train Loss       : 0.5184
2023-10-10 12:00:00 - Train Accuracy   : 0.8164
2023-10-10 12:00:00 - Train F1 Score   : 0.6991
2023-10-10 12:00:00 - Train Precision  : 0.6065
2023-10-10 12:00:00 - Train Recall     : 0.7082
2023-10-10 12:00:00 - Train Specificity: 0.8913
2023-10-10 12:00:00 - Epoch 46 ----------------------------------------------
2023-10-10 12:00:00 - Train Loss       : 0.3685
2023-10-10 12:00:00 - Train Accuracy   : 0.7082
2023-10-10 12:00:00 - Train F1 Score   : 0.6778
2023-10-10 12:00:00 - Train Precision  : 0.7267
2023-10-10 12:00:00 - Train Recall     : 0.8322
2023-10-10 12:00:00 - Train Specificity: 0.8585
2023-10-10 12:00:00 - Epoch 47 ----------------------------------------------
2023-10-10 12:00:00 - Train Loss       : 0.5443
2023-10-10 12:00:00 - Train Accuracy   : 0.7279
2023-10-10 12:00:00 - Train F1 Score   : 0.7579
2023-10-10 12:00:00 - Train Precision  : 0.6371
2023-10-10 12:00:00 - Train Recall     : 0.7678
2023-10-10 12:00:00 - Train Specificity: 0.8233
2023-10-10 12:00:00 - Epoch 48 ----------------------------------------------
2023-10-10 12:00:00 - Train Loss       : 0.5987
2023-10-10 12:00:00 - Train Accuracy   : 0.7136
2023-10-10 12:00:00 - Train F1 Score   : 0.6858
2023-10-10 12:00:00 - Train Precision  : 0.6952
2023-10-10 12:00:00 - Train Recall     : 0.7732
2023-10-10 12:00:00 - Train Specificity: 0.7915
2023-10-10 12:00:00 - Epoch 49 ----------------------------------------------
2023-10-10 12:00:00 - Train Loss       : 0.5500
2023-10-10 12:00:00 - Train Accuracy   : 0.8807
2023-10-10 12:00:00 - Train F1 Score   : 0.7829
2023-10-10 12:00:00 - Train Precision  : 0.6644
2023-10-10 12:00:00 - Train Recall     : 0.8208
2023-10-10 12:00:00 - Train Specificity: 0.7087
2023-10-10 12:00:00 - Epoch 50 ----------------------------------------------
2023-10-10 12:00:00 - Train Loss       : 0.3726
2023-10-10 12:00:00 - Train Accuracy   : 0.7826
2023-10-10 12:00:00 - Train F1 Score   : 0.7338
2023-10-10 12:00:00 - Train Precision  : 0.6003
2023-10-10 12:00:00 - Train Recall     : 0.8334
2023-10-10 12:00:00 - Train Specificity: 0.7795
2023-10-10 12:00:00 - Fold 1 end
2023-10-10 12:00:00 - Fold 1 : 0.8454 | BA: 0.8207 | Kappa: 0.8362 | AUC: 0.9487 | F1: 0.8739 | Pre: 0.8821 | Recall: 0.8914 | Spec: 0.8035
2023-10-10 12:00:00 - FOLD 2 Start
2023-10-10 12:00:00 - --------------------------------
2023-10-10 12:00:00 - Fold 0 Distribution:
2023-10-10 12:00:00 - +-------------------+-------+-------+
2023-10-10 12:00:00 - |                   | Label 0 | Label 1 |
2023-10-10 12:00:00 - +-------------------+-------+-------+
2023-10-10 12:00:00 - | Train            |   60    |   44    |
2023-10-10 12:00:00 - +-------------------+-------+-------+
2023-10-10 12:00:00 - | Validation       |   17    |   14    |
2023-10-10 12:00:00 - +-------------------+-------+-------+
2023-10-10 12:00:00 - Epoch 1 ----------------------------------------------
2023-10-10 12:00:00 - Train Loss       : 0.5842
2023-10-10 12:00:00 - Train Accuracy   : 0.8967
2023-10-10 12:00:00 - Train F1 Score   : 0.7070
2023-10-10 12:00:00 - Train Precision  : 0.6767
2023-10-10 12:00:00 - Train Recall     : 0.7692
2023-10-10 12:00:00 - Train Specificity: 0.8984
2023-10-10 12:00:00 - Epoch 2 ----------------------------------------------
2023-10-10 12:00:00 - Train Loss       : 0.3748
2023-10-10 12:00:00 - Train Accuracy   : 0.8529
2023-10-10 12:00:00 - Train F1 Score   : 0.6762
2023-10-10 12:00:00 - Train Precision  : 0.6230
2023-10-10 12:00:00 - Train Recall     : 0.7790
2023-10-10 12:00:00 - Train Specificity: 0.7511
2023-10-10 12:00:00 - Epoch 3 ----------------------------------------------
2023-10-10 12:00:00 - Train Loss       : 0.4943
2023-10-10 12:00:00 - Train Accuracy   : 0.8679
2023-10-10 12:00:00 - Train F1 Score   : 0.6654
2023-10-10 12:00:00 - Train Precision  : 0.6260
2023-10-10 12:00:00 - Train Recall     : 0.8086
2023-10-10 12:00:00 - Train Specificity: 0.7238
2023-10-10 12:00:00 - Epoch 4 ----------------------------------------------
2023-10-10 12:00:00 - Train Loss       : 0.4819
2023-10-10 12:00:00 - Train Accuracy   : 0.8035
2023-10-10 12:00:00 - Train F1 Score   : 0.7353
2023-10-10 12:00:00 - Train Precision  : 0.7469
2023-10-10 12:00:00 - Train Recall     : 0.7125
2023-10-10 12:00:00 - Train Specificity: 0.7668
2023-10-10 12:00:00 - Epoch 5 ----------------------------------------------
2023-10-10 12:00:00 - Train Loss       : 0.4901
2023-10-10 12:00:00 - Train Accuracy   : 0.7886
2023-10-10 12:00:00 - Train F1 Score   : 0.7244
2023-10-10 12:00:00 - Train Precision  : 0.6097
2023-10-10 12:00:00 - Train Recall     : 0.7605
2023-10-10 12:00:00 - Train Specificity: 0.8649
2023-10-10 12:00:00 - Epoch 6 ----------------------------------------------
2023-10-10 12:00:00 - Train Loss       : 0.4523
2023-10-10 12:00:00 - Train Accuracy   : 0.7972
2023-10-10 12:00:00 - Train F1 Score   : 0.6474
2023-10-10 12:00:00 - Train Precision  : 0.6899
2023-10-10 12:00:00 - Train Recall     : 0.7944
2023-10-10 12:00:00 - Train Specificity: 0.7216
2023-10-10 12:00:00 - Epoch 7 ----------------------------------------------
2023-10-10 12:00:00 - Train Loss       : 0.4861
2023-10-10 12:00:00 - Train Accuracy   : 0.7997
2023-10-10 12:00:00 - Train F1 Score   : 0.7962
2023-10-10 12:00:00 - Train Precision  : 0.6599
2023-10-10 12:00:00 - Train Recall     : 0.7983
2023-10-10 12:00:00 - Train Specificity: 0.8059
2023-10-10 12:00:00 - Epoch 8 ----------------------------------------------
2023-10-10 12:00:00 - Train Loss       : 0.5724
2023-10-10 12:00:00 - Train Accuracy   : 0.8313
2023-10-10 12:00:00 - Train F1 Score   : 0.7497
2023-10-10 12:00:00 - Train Precision  : 0.7990
2023-10-10 12:00:00 - Train Recall     : 0.7238
2023-10-10 12:00:00 - Train Specificity: 0.7199
2023-10-10 12:00:00 - Epoch 9 ----------------------------------------------
2023-10-10 12:00:00 - Train Loss       : 0.5421
2023-10-10 12:00:00 - Train Accuracy   : 0.8677
2023-10-10 12:00:00 - Train F1 Score   : 0.7249
2023-10-10 12:00:00 - Train Precision  : 0.6403
2023-10-10 12:00:00 - Train Recall     : 0.7571
2023-10-10 12:00:00 - Train Specificity: 0.7489
2023-10-10 12:00:00 - Epoch 10 ----------------------------------------------
2023-10-10 12:00:00 - Train Loss       : 0.3920
2023-10-10 12:00:00 - Train Accuracy   : 0.8469
2023-10-10 12:00:00 - Train F1 Score   : 0.7219
2023-10-10 12:00:00 - Train Precision  : 0.7650
2023-10-10 12:00:00 - Train Recall     : 0.8024
2023-10-10 12:00:00 - Train Specificity: 0.7503
2023-10-10 12:00:00 - Epoch 11 ----------------------------------------------
2023-10-10 12:00:00 - Train Loss       : 0.3714
2023-10-10 12:00:00 - Train Accuracy   : 0.8336
2023-10-10 12:00:00 - Train F1 Score   : 0.6286
2023-10-10 12:00:00 - Train Precision  : 0.7203
2023-10-10 12:00:00 - Train Recall     : 0.8865
2023-10-10 12:00:00 - Train Specificity: 0.7864
2023-10-10 12:00:00 - Epoch 12 ----------------------------------------------
2023-10-10 12:00:00 - Train Loss       : 0.5462
2023-10-10 12:00:00 - Train Accuracy   : 0.7033
2023-10-10 12:00:00 - Train F1 Score   : 0.6888
2023-10-10 12:00:00 - Train Precision  : 0.6489
2023-10-10 12:00:00 - Train Recall     : 0.8718
2023-10-10 12:00:00 - Train Specificity: 0.8478
2023-10-10 12:00:00 - Epoch 13 ----------------------------------------------
2023-10-10 12:00:00 - Train Loss       : 0.5846
2023-10-10 12:00:00 - Train Accuracy   : 0.7282
2023-10-10 12:00:00 - Train F1 Score   : 0.7021
2023-10-10 12:00:00 - Train Precision  : 0.7063
2023-10-10 12:00:00 - Train Recall     : 0.8940
2023-10-10 12:00:00 - Train Specificity: 0.8895
2023-10-10 12:00:00 - Epoch 14 ----------------------------------------------
2023-10-10 12:00:00 - Train Loss       : 0.3003
2023-10-10 12:00:00 - Train Accuracy   : 0.7882
2023-10-10 12:00:00 - Train F1 Score   : 0.6944
2023-10-10 12:00:00 - Train Precision  : 0.7104
2023-10-10 12:00:00 - Train Recall     : 0.7506
2023-10-10 12:00:00 - Train Specificity: 0.7584
2023-10-10 12:00:00 - Epoch 15 ----------------------------------------------
2023-10-10 12:00:00 - Train Loss       : 0.5927
2023-10-10 12:00:00 - Train Accuracy   : 0.8930
2023-10-10 12:00:00 - Train F1 Score   : 0.6094
2023-10-10 12:00:00 - Train Precision  : 0.7461
2023-10-10 12:00:00 - Train Recall     : 0.8063
2023-10-10 12:00:00 - Train Specificity: 0.8318
2023-10-10 12:00:00 - Epoch 16 ----------------------------------------------
2023-10-10 12:00:00 - Train Loss       : 0.4044
2023-10-10 12:00:00 - Train Accuracy   : 0.8528
2023-10-10 12:00:00 - Train F1 Score   : 0.7936
2023-10-10 12:00:00 - Train Precision  : 0.7916
2023-10-10 12:00:00 - Train Recall     : 0.7815
2023-10-10 12:00:00 - Train Specificity: 0.8572
2023-10-10 12:00:00 - Epoch 17 ----------------------------------------------
2023-10-10 12:00:00 - Train Loss       : 0.4676
2023-10-10 12:00:00 - Train Accuracy   : 0.7530
2023-10-10 12:00:00 - Train F1 Score   : 0.7084
2023-10-10 12:00:00 - Train Precision  : 0.7508
2023-10-10 12:00:00 - Train Recall     : 0.8754
2023-10-10 12:00:00 - Train Specificity: 0.8959
2023-10-10 12:00:00 - Epoch 18 ----------------------------------------------
2023-10-10 12:00:00 - Train Loss       : 0.3374
2023-10-10 12:00:00 - Train Accuracy   : 0.7088
2023-10-10 12:00:00 - Train F1 Score   : 0.6451
2023-10-10 12:00:00 - Train Precision  : 0.6920
2023-10-10 12:00:00 - Train Recall     : 0.7528
2023-10-10 12:00:00 - Train Specificity: 0.8105
2023-10-10 12:00:00 - Epoch 19 ----------------------------------------------
2023-10-10 12:00:00 - Train Loss       : 0.5997
2023-10-10 12:00:00 - Train Accuracy   : 0.7731
2023-10-10 12:00:00 - Train F1 Score   : 0.7976
2023-10-10 12:00:00 - Train Precision  : 0.7233
2023-10-10 12:00:00 - Train Recall     : 0.8013
2023-10-10 12:00:00 - Train Specificity: 0.7279
2023-10-10 12:00:00 - Epoch 20 ----------------------------------------------
2023-10-10 12:00:00 - Train Loss       : 0.3563
2023-10-10 12:00:00 - Train Accuracy   : 0.8123
2023-10-10 12:00:00 - Train F1 Score   : 0.6442
2023-10-10 12:00:00 - Train Precision  : 0.6968
2023-10-10 12:00:00 - Train Recall     : 0.8889
2023-10-10 12:00:00 - Train Specificity: 0.7876
2023-10-10 12:00:00 - Epoch 21 ----------------------------------------------
2023-10-10 12:00:00 - Train Loss       : 0.5748
2023-10-10 12:00:00 - Train Accuracy   : 0.8036
2023-10-10 12:00:00 - Train F1 Score   : 0.6523
2023-10-10 12:00:00 - Train Precision  : 0.6497
2023-10-10 12:00:00 - Train Recall     : 0.8772
2023-10-10 12:00:00 - Train Specificity: 0.8382
2023-10-10 12:00:00 - Epoch 22 ----------------------------------------------
2023-10-10 12:00:00 - Train Loss       : 0.3784
2023-10-10 12:00:00 - Train Accuracy   : 0.8924
2023-10-10 12:00:00 - Train F1 Score   : 0.7365
2023-10-10 12:00:00 - Train Precision  : 0.7450
2023-10-10 12:00:00 - Train Recall     : 0.8929
2023-10-10 12:00:00 - Train Specificity: 0.8583
2023-10-10 12:00:00 - Epoch 23 ----------------------------------------------
2023-10-10 12:00:00 - Train Loss       : 0.3711
2023-10-10 12:00:00 - Train Accuracy   : 0.8142
2023-10-10 12:00:00 - Train F1 Score   : 0.7590
2023-10-10 12:00:00 - Train Precision  : 0.7588
2023-10-10 12:00:00 - Train Recall     : 0.7064
2023-10-10 12:00:00 - Train Specificity: 0.8739
2023-10-10 12:00:00 - Epoch 24 ----------------------------------------------
2023-10-10 12:00:00 - Train Loss       : 0.3012
2023-10-10 12:00:00 - Train Accuracy   : 0.7563
2023-10-10 12:00:00 - Train F1 Score   : 0.7033
2023-10-10 12:00:00 - Train Precision  : 0.7596
2023-10-10 12:00:00 - Train Recall     : 0.8850
2023-10-10 12:00:00 - Train Specificity: 0.7376
2023-10-10 12:00:00 - Epoch 25 ----------------------------------------------
2023-10-10 12:00:00 - Train Loss       : 0.3726
2023-10-10 12:00:00 - Train Accuracy   : 0.8013
2023-10-10 12:00:00 - Train F1 Score   : 0.7857
2023-10-10 12:00:00 - Train Precision  : 0.7004
2023-10-10 12:00:00 - Train Recall     : 0.8652
2023-10-10 12:00:00 - Train Specificity: 0.7963
2023-10-10 12:00:00 - Epoch 26 ----------------------------------------------
2023-10-10 12:00:00 - Train Loss       : 0.5983
2023-10-10 12:00:00 - Train Accuracy   : 0.8705
2023-10-10 12:00:00 - Train F1 Score   : 0.7649
2023-10-10 12:00:00 - Train Precision  : 0.7984
2023-10-10 12:00:00 - Train Recall     : 0.7534
2023-10-10 12:00:00 - Train Specificity: 0.8173
2023-10-10 12:00:00 - Epoch 27 ----------------------------------------------
2023-10-10 12:00:00 - Train Loss       : 0.3868
2023-10-10 12:00:00 - Train Accuracy   : 0.8580
2023-10-10 12:00:00 - Train F1 Score   : 0.7544
2023-10-10 12:00:00 - Train Precision  : 0.6357
2023-10-10 12:00:00 - Train Recall     : 0.8476
2023-10-10 12:00:00 - Train Specificity: 0.8832
2023-10-10 12:00:00 - Epoch 28 ----------------------------------------------
2023-10-10 12:00:00 - Train Loss       : 0.3497
2023-10-10 12:00:00 - Train Accuracy   : 0.8953
2023-10-10 12:00:00 - Train F1 Score   : 0.7065
2023-10-10 12:00:00 - Train Precision  : 0.6055
2023-10-10 12:00:00 - Train Recall     : 0.7036
2023-10-10 12:00:00 - Train Specificity: 0.8136
2023-10-10 12:00:00 - Epoch 29 ----------------------------------------------
2023-10-10 12:00:00 - Train Loss       : 0.5772
2023-10-10 12:00:00 - Train Accuracy   : 0.8355
2023-10-10 12:00:00 - Train F1 Score   : 0.7862
2023-10-10 12:00:00 - Train Precision  : 0.6697
2023-10-10 12:00:00 - Train Recall     : 0.8000
2023-10-10 12:00:00 - Train Specificity: 0.8240
2023-10-10 12:00:00 - Epoch 30 ----------------------------------------------
2023-10-10 12:00:00 - Train Loss       : 0.3495
2023-10-10 12:00:00 - Train Accuracy   : 0.8458
2023-10-10 12:00:00 - Train F1 Score   : 0.6772
2023-10-10 12:00:00 - Train Precision  : 0.6368
2023-10-10 12:00:00 - Train Recall     : 0.7146
2023-10-10 12:00:00 - Train Specificity: 0.7194
2023-10-10 12:00:00 - Epoch 31 ----------------------------------------------
2023-10-10 12:00:00 - Train Loss       : 0.4947
2023-10-10 12:00:00 - Train Accuracy   : 0.8370
2023-10-10 12:00:00 - Train F1 Score   : 0.6193
2023-10-10 12:00:00 - Train Precision  : 0.6491
2023-10-10 12:00:00 - Train Recall     : 0.7055
2023-10-10 12:00:00 - Train Specificity: 0.8306
2023-10-10 12:00:00 - Epoch 32 ----------------------------------------------
2023-10-10 12:00:00 - Train Loss       : 0.5180
2023-10-10 12:00:00 - Train Accuracy   : 0.8642
2023-10-10 12:00:00 - Train F1 Score   : 0.6095
2023-10-10 12:00:00 - Train Precision  : 0.7864
2023-10-10 12:00:00 - Train Recall     : 0.7129
2023-10-10 12:00:00 - Train Specificity: 0.8627
2023-10-10 12:00:00 - Epoch 33 ----------------------------------------------
2023-10-10 12:00:00 - Train Loss       : 0.3821
2023-10-10 12:00:00 - Train Accuracy   : 0.7100
2023-10-10 12:00:00 - Train F1 Score   : 0.6232
2023-10-10 12:00:00 - Train Precision  : 0.6825
2023-10-10 12:00:00 - Train Recall     : 0.7112
2023-10-10 12:00:00 - Train Specificity: 0.7619
2023-10-10 12:00:00 - Epoch 34 ----------------------------------------------
2023-10-10 12:00:00 - Train Loss       : 0.3992
2023-10-10 12:00:00 - Train Accuracy   : 0.8570
2023-10-10 12:00:00 - Train F1 Score   : 0.7698
2023-10-10 12:00:00 - Train Precision  : 0.7088
2023-10-10 12:00:00 - Train Recall     : 0.7134
2023-10-10 12:00:00 - Train Specificity: 0.8739
2023-10-10 12:00:00 - Epoch 35 ----------------------------------------------
2023-10-10 12:00:00 - Train Loss       : 0.3544
2023-10-10 12:00:00 - Train Accuracy   : 0.7446
2023-10-10 12:00:00 - Train F1 Score   : 0.6762
2023-10-10 12:00:00 - Train Precision  : 0.7958
2023-10-10 12:00:00 - Train Recall     : 0.8947
2023-10-10 12:00:00 - Train Specificity: 0.8976
2023-10-10 12:00:00 - Epoch 36 ----------------------------------------------
2023-10-10 12:00:00 - Train Loss       : 0.5982
2023-10-10 12:00:00 - Train Accuracy   : 0.8463
2023-10-10 12:00:00 - Train F1 Score   : 0.6266
2023-10-10 12:00:00 - Train Precision  : 0.6716
2023-10-10 12:00:00 - Train Recall     : 0.8584
2023-10-10 12:00:00 - Train Specificity: 0.7020
2023-10-10 12:00:00 - Epoch 37 ----------------------------------------------
2023-10-10 12:00:00 - Train Loss       : 0.5271
2023-10-10 12:00:00 - Train Accuracy   : 0.7081
2023-10-10 12:00:00 - Train F1 Score   : 0.7708
2023-10-10 12:00:00 - Train Precision  : 0.6812
2023-10-10 12:00:00 - Train Recall     : 0.8904
2023-10-10 12:00:00 - Train Specificity: 0.7818
2023-10-10 12:00:00 - Epoch 38 ----------------------------------------------
2023-10-10 12:00:00 - Train Loss       : 0.4681
2023-10-10 12:00:00 - Train Accuracy   : 0.7268
2023-10-10 12:00:00 - Train F1 Score   : 0.6092
2023-10-10 12:00:00 - Train Precision  : 0.6320
2023-10-10 12:00:00 - Train Recall     : 0.7975
2023-10-10 12:00:00 - Train Specificity: 0.7122
2023-10-10 12:00:00 - Epoch 39 ----------------------------------------------
2023-10-10 12:00:00 - Train Loss       : 0.4820
2023-10-10 12:00:00 - Train Accuracy   : 0.8890
2023-10-10 12:00:00 - Train F1 Score   : 0.7830
2023-10-10 12:00:00 - Train Precision  : 0.6849
2023-10-10 12:00:00 - Train Recall     : 0.7474
2023-10-10 12:00:00 - Train Specificity: 0.7305
2023-10-10 12:00:00 - Epoch 40 ----------------------------------------------
2023-10-10 12:00:00 - Train Loss       : 0.5422
2023-10-10 12:00:00 - Train Accuracy   : 0.8351
2023-10-10 12:00:00 - Train F1 Score   : 0.6499
2023-10-10 12:00:00 - Train Precision  : 0.6875
2023-10-10 12:00:00 - Train Recall     : 0.8766
2023-10-10 12:00:00 - Train Specificity: 0.8140
2023-10-10 12:00:00 - Epoch 41 ----------------------------------------------
2023-10-10 12:00:00 - Train Loss       : 0.4604
2023-10-10 12:00:00 - Train Accuracy   : 0.8704
2023-10-10 12:00:00 - Train F1 Score   : 0.6934
2023-10-10 12:00:00 - Train Precision  : 0.7553
2023-10-10 12:00:00 - Train Recall     : 0.7038
2023-10-10 12:00:00 - Train Specificity: 0.7818
2023-10-10 12:00:00 - Epoch 42 ----------------------------------------------
2023-10-10 12:00:00 - Train Loss       : 0.3072
2023-10-10 12:00:00 - Train Accuracy   : 0.8346
2023-10-10 12:00:00 - Train F1 Score   : 0.6450
2023-10-10 12:00:00 - Train Precision  : 0.6909
2023-10-10 12:00:00 - Train Recall     : 0.7571
2023-10-10 12:00:00 - Train Specificity: 0.7123
2023-10-10 12:00:00 - Epoch 43 ----------------------------------------------
2023-10-10 12:00:00 - Train Loss       : 0.5136
2023-10-10 12:00:00 - Train Accuracy   : 0.7281
2023-10-10 12:00:00 - Train F1 Score   : 0.7700
2023-10-10 12:00:00 - Train Precision  : 0.7330
2023-10-10 12:00:00 - Train Recall     : 0.8111
2023-10-10 12:00:00 - Train Specificity: 0.8488
2023-10-10 12:00:00 - Epoch 44 ----------------------------------------------
2023-10-10 12:00:00 - Train Loss       : 0.3856
2023-10-10 12:00:00 - Train Accuracy   : 0.7903
2023-10-10 12:00:00 - Train F1 Score   : 0.7310
2023-10-10 12:00:00 - Train Precision  : 0.6651
2023-10-10 12:00:00 - Train Recall     : 0.8103
2023-10-10 12:00:00 - Train Specificity: 0.7570
2023-10-10 12:00:00 - Epoch 45 ----------------------------------------------
2023-10-10 12:00:00 - Train Loss       : 0.5888
2023-10-10 12:00:00 - Train Accuracy   : 0.8847
2023-10-10 12:00:00 - Train F1 Score   : 0.7974
2023-10-10 12:00:00 - Train Precision  : 0.7626
2023-10-10 12:00:00 - Train Recall     : 0.8943
2023-10-10 12:00:00 - Train Specificity: 0.7456
2023-10-10 12:00:00 - Epoch 46 ----------------------------------------------
2023-10-10 12:00:00 - Train Loss       : 0.4915
2023-10-10 12:00:00 - Train Accuracy   : 0.8565
2023-10-10 12:00:00 - Train F1 Score   : 0.6181
2023-10-10 12:00:00 - Train Precision  : 0.7660
2023-10-10 12:00:00 - Train Recall     : 0.8078
2023-10-10 12:00:00 - Train Specificity: 0.8791
2023-10-10 12:00:00 - Epoch 47 ----------------------------------------------
2023-10-10 12:00:00 - Train Loss       : 0.5866
2023-10-10 12:00:00 - Train Accuracy   : 0.8517
2023-10-10 12:00:00 - Train F1 Score   : 0.7914
2023-10-10 12:00:00 - Train Precision  : 0.7857
2023-10-10 12:00:00 - Train Recall     : 0.8755
2023-10-10 12:00:00 - Train Specificity: 0.7567
2023-10-10 12:00:00 - Epoch 48 ----------------------------------------------
2023-10-10 12:00:00 - Train Loss       : 0.5786
2023-10-10 12:00:00 - Train Accuracy   : 0.8560
2023-10-10 12:00:00 - Train F1 Score   : 0.7485
2023-10-10 12:00:00 - Train Precision  : 0.6843
2023-10-10 12:00:00 - Train Recall     : 0.7694
2023-10-10 12:00:00 - Train Specificity: 0.7321
2023-10-10 12:00:00 - Epoch 49 ----------------------------------------------
2023-10-10 12:00:00 - Train Loss       : 0.4864
2023-10-10 12:00:00 - Train Accuracy   : 0.8525
2023-10-10 12:00:00 - Train F1 Score   : 0.6505
2023-10-10 12:00:00 - Train Precision  : 0.6663
2023-10-10 12:00:00 - Train Recall     : 0.8259
2023-10-10 12:00:00 - Train Specificity: 0.7516
2023-10-10 12:00:00 - Epoch 50 ----------------------------------------------
2023-10-10 12:00:00 - Train Loss       : 0.4138
2023-10-10 12:00:00 - Train Accuracy   : 0.8526
2023-10-10 12:00:00 - Train F1 Score   : 0.7673
2023-10-10 12:00:00 - Train Precision  : 0.6344
2023-10-10 12:00:00 - Train Recall     : 0.8528
2023-10-10 12:00:00 - Train Specificity: 0.7324
2023-10-10 12:00:00 - Fold 2 end
2023-10-10 12:00:00 - Fold 2 : 0.8771 | BA: 0.8266 | Kappa: 0.7568 | AUC: 0.8980 | F1: 0.8187 | Pre: 0.8832 | Recall: 0.8025 | Spec: 0.8938
2023-10-10 12:00:00 - FOLD 3 Start
2023-10-10 12:00:00 - --------------------------------
2023-10-10 12:00:00 - Fold 0 Distribution:
2023-10-10 12:00:00 - +-------------------+-------+-------+
2023-10-10 12:00:00 - |                   | Label 0 | Label 1 |
2023-10-10 12:00:00 - +-------------------+-------+-------+
2023-10-10 12:00:00 - | Train            |   53    |   37    |
2023-10-10 12:00:00 - +-------------------+-------+-------+
2023-10-10 12:00:00 - | Validation       |   18    |   9    |
2023-10-10 12:00:00 - +-------------------+-------+-------+
2023-10-10 12:00:00 - Epoch 1 ----------------------------------------------
2023-10-10 12:00:00 - Train Loss       : 0.3017
2023-10-10 12:00:00 - Train Accuracy   : 0.7043
2023-10-10 12:00:00 - Train F1 Score   : 0.7641
2023-10-10 12:00:00 - Train Precision  : 0.7094
2023-10-10 12:00:00 - Train Recall     : 0.8447
2023-10-10 12:00:00 - Train Specificity: 0.8006
2023-10-10 12:00:00 - Epoch 2 ----------------------------------------------
2023-10-10 12:00:00 - Train Loss       : 0.5875
2023-10-10 12:00:00 - Train Accuracy   : 0.7762
2023-10-10 12:00:00 - Train F1 Score   : 0.7198
2023-10-10 12:00:00 - Train Precision  : 0.6366
2023-10-10 12:00:00 - Train Recall     : 0.7331
2023-10-10 12:00:00 - Train Specificity: 0.7742
2023-10-10 12:00:00 - Epoch 3 ----------------------------------------------
2023-10-10 12:00:00 - Train Loss       : 0.3958
2023-10-10 12:00:00 - Train Accuracy   : 0.7643
2023-10-10 12:00:00 - Train F1 Score   : 0.7156
2023-10-10 12:00:00 - Train Precision  : 0.7638
2023-10-10 12:00:00 - Train Recall     : 0.8008
2023-10-10 12:00:00 - Train Specificity: 0.7802
2023-10-10 12:00:00 - Epoch 4 ----------------------------------------------
2023-10-10 12:00:00 - Train Loss       : 0.3899
2023-10-10 12:00:00 - Train Accuracy   : 0.8405
2023-10-10 12:00:00 - Train F1 Score   : 0.7662
2023-10-10 12:00:00 - Train Precision  : 0.6775
2023-10-10 12:00:00 - Train Recall     : 0.8009
2023-10-10 12:00:00 - Train Specificity: 0.8146
2023-10-10 12:00:00 - Epoch 5 ----------------------------------------------
2023-10-10 12:00:00 - Train Loss       : 0.4920
2023-10-10 12:00:00 - Train Accuracy   : 0.7213
2023-10-10 12:00:00 - Train F1 Score   : 0.7349
2023-10-10 12:00:00 - Train Precision  : 0.6256
2023-10-10 12:00:00 - Train Recall     : 0.8913
2023-10-10 12:00:00 - Train Specificity: 0.8443
2023-10-10 12:00:00 - Epoch 6 ----------------------------------------------
2023-10-10 12:00:00 - Train Loss       : 0.4878
2023-10-10 12:00:00 - Train Accuracy   : 0.7286
2023-10-10 12:00:00 - Train F1 Score   : 0.6466
2023-10-10 12:00:00 - Train Precision  : 0.7541
2023-10-10 12:00:00 - Train Recall     : 0.8194
2023-10-10 12:00:00 - Train Specificity: 0.8657
2023-10-10 12:00:00 - Epoch 7 ----------------------------------------------
2023-10-10 12:00:00 - Train Loss       : 0.5173
2023-10-10 12:00:00 - Train Accuracy   : 0.8890
2023-10-10 12:00:00 - Train F1 Score   : 0.6248
2023-10-10 12:00:00 - Train Precision  : 0.7514
2023-10-10 12:00:00 - Train Recall     : 0.8486
2023-10-10 12:00:00 - Train Specificity: 0.7618
2023-10-10 12:00:00 - Epoch 8 ----------------------------------------------
2023-10-10 12:00:00 - Train Loss       : 0.3223
2023-10-10 12:00:00 - Train Accuracy   : 0.8805
2023-10-10 12:00:00 - Train F1 Score   : 0.7643
2023-10-10 12:00:00 - Train Precision  : 0.7617
2023-10-10 12:00:00 - Train Recall     : 0.8601
2023-10-10 12:00:00 - Train Specificity: 0.7462
2023-10-10 12:00:00 - Epoch 9 ----------------------------------------------
2023-10-10 12:00:00 - Train Loss       : 0.4537
2023-10-10 12:00:00 - Train Accuracy   : 0.7233
2023-10-10 12:00:00 - Train F1 Score   : 0.6725
2023-10-10 12:00:00 - Train Precision  : 0.7859
2023-10-10 12:00:00 - Train Recall     : 0.7708
2023-10-10 12:00:00 - Train Specificity: 0.7174
2023-10-10 12:00:00 - Epoch 10 ----------------------------------------------
2023-10-10 12:00:00 - Train Loss       : 0.4145
2023-10-10 12:00:00 - Train Accuracy   : 0.7180
2023-10-10 12:00:00 - Train F1 Score   : 0.7253
2023-10-10 12:00:00 - Train Precision  : 0.7751
2023-10-10 12:00:00 - Train Recall     : 0.7719
2023-10-10 12:00:00 - Train Specificity: 0.7886
2023-10-10 12:00:00 - Epoch 11 ----------------------------------------------
2023-10-10 12:00:00 - Train Loss       : 0.4340
2023-10-10 12:00:00 - Train Accuracy   : 0.8169
2023-10-10 12:00:00 - Train F1 Score   : 0.7887
2023-10-10 12:00:00 - Train Precision  : 0.6897
2023-10-10 12:00:00 - Train Recall     : 0.7708
2023-10-10 12:00:00 - Train Specificity: 0.7501
2023-10-10 12:00:00 - Epoch 12 ----------------------------------------------
2023-10-10 12:00:00 - Train Loss       : 0.3485
2023-10-10 12:00:00 - Train Accuracy   : 0.7767
2023-10-10 12:00:00 - Train F1 Score   : 0.6537
2023-10-10 12:00:00 - Train Precision  : 0.6533
2023-10-10 12:00:00 - Train Recall     : 0.7265
2023-10-10 12:00:00 - Train Specificity: 0.8026
2023-10-10 12:00:00 - Epoch 13 ----------------------------------------------
2023-10-10 12:00:00 - Train Loss       : 0.5223
2023-10-10 12:00:00 - Train Accuracy   : 0.7342
2023-10-10 12:00:00 - Train F1 Score   : 0.7234
2023-10-10 12:00:00 - Train Precision  : 0.7103
2023-10-10 12:00:00 - Train Recall     : 0.7873
2023-10-10 12:00:00 - Train Specificity: 0.8292
2023-10-10 12:00:00 - Epoch 14 ----------------------------------------------
2023-10-10 12:00:00 - Train Loss       : 0.4441
2023-10-10 12:00:00 - Train Accuracy   : 0.7842
2023-10-10 12:00:00 - Train F1 Score   : 0.7514
2023-10-10 12:00:00 - Train Precision  : 0.7530
2023-10-10 12:00:00 - Train Recall     : 0.7969
2023-10-10 12:00:00 - Train Specificity: 0.8386
2023-10-10 12:00:00 - Epoch 15 ----------------------------------------------
2023-10-10 12:00:00 - Train Loss       : 0.5578
2023-10-10 12:00:00 - Train Accuracy   : 0.7828
2023-10-10 12:00:00 - Train F1 Score   : 0.7975
2023-10-10 12:00:00 - Train Precision  : 0.6544
2023-10-10 12:00:00 - Train Recall     : 0.8157
2023-10-10 12:00:00 - Train Specificity: 0.8922
2023-10-10 12:00:00 - Epoch 16 ----------------------------------------------
2023-10-10 12:00:00 - Train Loss       : 0.3625
2023-10-10 12:00:00 - Train Accuracy   : 0.8549
2023-10-10 12:00:00 - Train F1 Score   : 0.7665
2023-10-10 12:00:00 - Train Precision  : 0.7838
2023-10-10 12:00:00 - Train Recall     : 0.7509
2023-10-10 12:00:00 - Train Specificity: 0.7054
2023-10-10 12:00:00 - Epoch 17 ----------------------------------------------
2023-10-10 12:00:00 - Train Loss       : 0.4556
2023-10-10 12:00:00 - Train Accuracy   : 0.7703
2023-10-10 12:00:00 - Train F1 Score   : 0.6777
2023-10-10 12:00:00 - Train Precision  : 0.6089
2023-10-10 12:00:00 - Train Recall     : 0.8327
2023-10-10 12:00:00 - Train Specificity: 0.7550
2023-10-10 12:00:00 - Epoch 18 ----------------------------------------------
2023-10-10 12:00:00 - Train Loss       : 0.5996
2023-10-10 12:00:00 - Train Accuracy   : 0.7063
2023-10-10 12:00:00 - Train F1 Score   : 0.6826
2023-10-10 12:00:00 - Train Precision  : 0.6719
2023-10-10 12:00:00 - Train Recall     : 0.7650
2023-10-10 12:00:00 - Train Specificity: 0.8896
2023-10-10 12:00:00 - Epoch 19 ----------------------------------------------
2023-10-10 12:00:00 - Train Loss       : 0.3044
2023-10-10 12:00:00 - Train Accuracy   : 0.7813
2023-10-10 12:00:00 - Train F1 Score   : 0.6749
2023-10-10 12:00:00 - Train Precision  : 0.7278
2023-10-10 12:00:00 - Train Recall     : 0.8851
2023-10-10 12:00:00 - Train Specificity: 0.8139
2023-10-10 12:00:00 - Epoch 20 ----------------------------------------------
2023-10-10 12:00:00 - Train Loss       : 0.4395
2023-10-10 12:00:00 - Train Accuracy   : 0.8994
2023-10-10 12:00:00 - Train F1 Score   : 0.7279
2023-10-10 12:00:00 - Train Precision  : 0.6292
2023-10-10 12:00:00 - Train Recall     : 0.7373
2023-10-10 12:00:00 - Train Specificity: 0.8806
2023-10-10 12:00:00 - Epoch 21 ----------------------------------------------
2023-10-10 12:00:00 - Train Loss       : 0.4111
2023-10-10 12:00:00 - Train Accuracy   : 0.8123
2023-10-10 12:00:00 - Train F1 Score   : 0.7803
2023-10-10 12:00:00 - Train Precision  : 0.6222
2023-10-10 12:00:00 - Train Recall     : 0.7850
2023-10-10 12:00:00 - Train Specificity: 0.8330
2023-10-10 12:00:00 - Epoch 22 ----------------------------------------------
2023-10-10 12:00:00 - Train Loss       : 0.5544
2023-10-10 12:00:00 - Train Accuracy   : 0.7655
2023-10-10 12:00:00 - Train F1 Score   : 0.7832
2023-10-10 12:00:00 - Train Precision  : 0.6081
2023-10-10 12:00:00 - Train Recall     : 0.8559
2023-10-10 12:00:00 - Train Specificity: 0.8044
2023-10-10 12:00:00 - Epoch 23 ----------------------------------------------
2023-10-10 12:00:00 - Train Loss       : 0.4762
2023-10-10 12:00:00 - Train Accuracy   : 0.8101
2023-10-10 12:00:00 - Train F1 Score   : 0.7964
2023-10-10 12:00:00 - Train Precision  : 0.6503
2023-10-10 12:00:00 - Train Recall     : 0.8226
2023-10-10 12:00:00 - Train Specificity: 0.7986
2023-10-10 12:00:00 - Epoch 24 ----------------------------------------------
2023-10-10 12:00:00 - Train Loss       : 0.4406
2023-10-10 12:00:00 - Train Accuracy   : 0.8620
2023-10-10 12:00:00 - Train F1 Score   : 0.7619
2023-10-10 12:00:00 - Train Precision  : 0.6903
2023-10-10 12:00:00 - Train Recall     : 0.8240
2023-10-10 12:00:00 - Train Specificity: 0.8406
2023-10-10 12:00:00 - Epoch 25 ----------------------------------------------
2023-10-10 12:00:00 - Train Loss       : 0.3210
2023-10-10 12:00:00 - Train Accuracy   : 0.7499
2023-10-10 12:00:00 - Train F1 Score   : 0.7593
2023-10-10 12:00:00 - Train Precision  : 0.6258
2023-10-10 12:00:00 - Train Recall     : 0.8009
2023-10-10 12:00:00 - Train Specificity: 0.8959
2023-10-10 12:00:00 - Epoch 26 ----------------------------------------------
2023-10-10 12:00:00 - Train Loss       : 0.3345
2023-10-10 12:00:00 - Train Accuracy   : 0.7589
2023-10-10 12:00:00 - Train F1 Score   : 0.7433
2023-10-10 12:00:00 - Train Precision  : 0.7483
2023-10-10 12:00:00 - Train Recall     : 0.7628
2023-10-10 12:00:00 - Train Specificity: 0.8346
2023-10-10 12:00:00 - Epoch 27 ----------------------------------------------
2023-10-10 12:00:00 - Train Loss       : 0.5603
2023-10-10 12:00:00 - Train Accuracy   : 0.7603
2023-10-10 12:00:00 - Train F1 Score   : 0.6221
2023-10-10 12:00:00 - Train Precision  : 0.6488
2023-10-10 12:00:00 - Train Recall     : 0.7690
2023-10-10 12:00:00 - Train Specificity: 0.8495
2023-10-10 12:00:00 - Epoch 28 ----------------------------------------------
2023-10-10 12:00:00 - Train Loss       : 0.3546
2023-10-10 12:00:00 - Train Accuracy   : 0.7134
2023-10-10 12:00:00 - Train F1 Score   : 0.7769
2023-10-10 12:00:00 - Train Precision  : 0.6813
2023-10-10 12:00:00 - Train Recall     : 0.8404
2023-10-10 12:00:00 - Train Specificity: 0.8095
2023-10-10 12:00:00 - Epoch 29 ----------------------------------------------
2023-10-10 12:00:00 - Train Loss       : 0.5141
2023-10-10 12:00:00 - Train Accuracy   : 0.7596
2023-10-10 12:00:00 - Train F1 Score   : 0.6607
2023-10-10 12:00:00 - Train Precision  : 0.6578
2023-10-10 12:00:00 - Train Recall     : 0.8258
2023-10-10 12:00:00 - Train Specificity: 0.7125
2023-10-10 12:00:00 - Epoch 30 ----------------------------------------------
2023-10-10 12:00:00 - Train Loss       : 0.3246
2023-10-10 12:00:00 - Train Accuracy   : 0.7590
2023-10-10 12:00:00 - Train F1 Score   : 0.7356
2023-10-10 12:00:00 - Train Precision  : 0.6092
2023-10-10 12:00:00 - Train Recall     : 0.7506
2023-10-10 12:00:00 - Train Specificity: 0.7295
2023-10-10 12:00:00 - Epoch 31 ----------------------------------------------
2023-10-10 12:00:00 - Train Loss       : 0.3355
2023-10-10 12:00:00 - Train Accuracy   : 0.8686
2023-10-10 12:00:00 - Train F1 Score   : 0.7755
2023-10-10 12:00:00 - Train Precision  : 0.6016
2023-10-10 12:00:00 - Train Recall     : 0.8488
2023-10-10 12:00:00 - Train Specificity: 0.8544
2023-10-10 12:00:00 - Epoch 32 ----------------------------------------------
2023-10-10 12:00:00 - Train Loss       : 0.4190
2023-10-10 12:00:00 - Train Accuracy   : 0.7011
2023-10-10 12:00:00 - Train F1 Score   : 0.7345
2023-10-10 12:00:00 - Train Precision  : 0.6718
2023-10-10 12:00:00 - Train Recall     : 0.8524
2023-10-10 12:00:00 - Train Specificity: 0.8951
2023-10-10 12:00:00 - Epoch 33 ----------------------------------------------
2023-10-10 12:00:00 - Train Loss       : 0.3821
2023-10-10 12:00:00 - Train Accuracy   : 0.7329
2023-10-10 12:00:00 - Train F1 Score   : 0.7026
2023-10-10 12:00:00 - Train Precision  : 0.6346
2023-10-10 12:00:00 - Train Recall     : 0.7264
2023-10-10 12:00:00 - Train Specificity: 0.8477
2023-10-10 12:00:00 - Epoch 34 ----------------------------------------------
2023-10-10 12:00:00 - Train Loss       : 0.4569
2023-10-10 12:00:00 - Train Accuracy   : 0.8649
2023-10-10 12:00:00 - Train F1 Score   : 0.7412
2023-10-10 12:00:00 - Train Precision  : 0.7452
2023-10-10 12:00:00 - Train Recall     : 0.7819
2023-10-10 12:00:00 - Train Specificity: 0.8032
2023-10-10 12:00:00 - Epoch 35 ----------------------------------------------
2023-10-10 12:00:00 - Train Loss       : 0.4443
2023-10-10 12:00:00 - Train Accuracy   : 0.8172
2023-10-10 12:00:00 - Train F1 Score   : 0.6501
2023-10-10 12:00:00 - Train Precision  : 0.7377
2023-10-10 12:00:00 - Train Recall     : 0.8570
2023-10-10 12:00:00 - Train Specificity: 0.8777
2023-10-10 12:00:00 - Epoch 36 ----------------------------------------------
2023-10-10 12:00:00 - Train Loss       : 0.3028
2023-10-10 12:00:00 - Train Accuracy   : 0.7945
2023-10-10 12:00:00 - Train F1 Score   : 0.6938
2023-10-10 12:00:00 - Train Precision  : 0.6558
2023-10-10 12:00:00 - Train Recall     : 0.8350
2023-10-10 12:00:00 - Train Specificity: 0.8087
2023-10-10 12:00:00 - Epoch 37 ----------------------------------------------
2023-10-10 12:00:00 - Train Loss       : 0.5975
2023-10-10 12:00:00 - Train Accuracy   : 0.8552
2023-10-10 12:00:00 - Train F1 Score   : 0.7218
2023-10-10 12:00:00 - Train Precision  : 0.7155
2023-10-10 12:00:00 - Train Recall     : 0.8284
2023-10-10 12:00:00 - Train Specificity: 0.7143
2023-10-10 12:00:00 - Epoch 38 ----------------------------------------------
2023-10-10 12:00:00 - Train Loss       : 0.5456
2023-10-10 12:00:00 - Train Accuracy   : 0.7411
2023-10-10 12:00:00 - Train F1 Score   : 0.7523
2023-10-10 12:00:00 - Train Precision  : 0.7824
2023-10-10 12:00:00 - Train Recall     : 0.7553
2023-10-10 12:00:00 - Train Specificity: 0.8498
2023-10-10 12:00:00 - Epoch 39 ----------------------------------------------
2023-10-10 12:00:00 - Train Loss       : 0.4940
2023-10-10 12:00:00 - Train Accuracy   : 0.7358
2023-10-10 12:00:00 - Train F1 Score   : 0.6308
2023-10-10 12:00:00 - Train Precision  : 0.7537
2023-10-10 12:00:00 - Train Recall     : 0.8408
2023-10-10 12:00:00 - Train Specificity: 0.8550
2023-10-10 12:00:00 - Epoch 40 ----------------------------------------------
2023-10-10 12:00:00 - Train Loss       : 0.4181
2023-10-10 12:00:00 - Train Accuracy   : 0.7130
2023-10-10 12:00:00 - Train F1 Score   : 0.6410
2023-10-10 12:00:00 - Train Precision  : 0.7270
2023-10-10 12:00:00 - Train Recall     : 0.8082
2023-10-10 12:00:00 - Train Specificity: 0.8468
2023-10-10 12:00:00 - Epoch 41 ----------------------------------------------
2023-10-10 12:00:00 - Train Loss       : 0.4099
2023-10-10 12:00:00 - Train Accuracy   : 0.7623
2023-10-10 12:00:00 - Train F1 Score   : 0.7907
2023-10-10 12:00:00 - Train Precision  : 0.6562
2023-10-10 12:00:00 - Train Recall     : 0.7086
2023-10-10 12:00:00 - Train Specificity: 0.7067
2023-10-10 12:00:00 - Epoch 42 ----------------------------------------------
2023-10-10 12:00:00 - Train Loss       : 0.4210
2023-10-10 12:00:00 - Train Accuracy   : 0.7377
2023-10-10 12:00:00 - Train F1 Score   : 0.6777
2023-10-10 12:00:00 - Train Precision  : 0.7870
2023-10-10 12:00:00 - Train Recall     : 0.8632
2023-10-10 12:00:00 - Train Specificity: 0.8677
2023-10-10 12:00:00 - Epoch 43 ----------------------------------------------
2023-10-10 12:00:00 - Train Loss       : 0.4496
2023-10-10 12:00:00 - Train Accuracy   : 0.7877
2023-10-10 12:00:00 - Train F1 Score   : 0.7712
2023-10-10 12:00:00 - Train Precision  : 0.7358
2023-10-10 12:00:00 - Train Recall     : 0.8651
2023-10-10 12:00:00 - Train Specificity: 0.8064
2023-10-10 12:00:00 - Epoch 44 ----------------------------------------------
2023-10-10 12:00:00 - Train Loss       : 0.3519
2023-10-10 12:00:00 - Train Accuracy   : 0.7050
2023-10-10 12:00:00 - Train F1 Score   : 0.7749
2023-10-10 12:00:00 - Train Precision  : 0.6535
2023-10-10 12:00:00 - Train Recall     : 0.8070
2023-10-10 12:00:00 - Train Specificity: 0.7850
2023-10-10 12:00:00 - Epoch 45 ----------------------------------------------
2023-10-10 12:00:00 - Train Loss       : 0.5746
2023-10-10 12:00:00 - Train Accuracy   : 0.7047
2023-10-10 12:00:00 - Train F1 Score   : 0.6411
2023-10-10 12:00:00 - Train Precision  : 0.7174
2023-10-10 12:00:00 - Train Recall     : 0.8666
2023-10-10 12:00:00 - Train Specificity: 0.7014
2023-10-10 12:00:00 - Epoch 46 ----------------------------------------------
2023-10-10 12:00:00 - Train Loss       : 0.5916
2023-10-10 12:00:00 - Train Accuracy   : 0.8740
2023-10-10 12:00:00 - Train F1 Score   : 0.7255
2023-10-10 12:00:00 - Train Precision  : 0.6686
2023-10-10 12:00:00 - Train Recall     : 0.8456
2023-10-10 12:00:00 - Train Specificity: 0.7093
2023-10-10 12:00:00 - Epoch 47 ----------------------------------------------
2023-10-10 12:00:00 - Train Loss       : 0.4657
2023-10-10 12:00:00 - Train Accuracy   : 0.7182
2023-10-10 12:00:00 - Train F1 Score   : 0.7724
2023-10-10 12:00:00 - Train Precision  : 0.6499
2023-10-10 12:00:00 - Train Recall     : 0.8908
2023-10-10 12:00:00 - Train Specificity: 0.7705
2023-10-10 12:00:00 - Epoch 48 ----------------------------------------------
2023-10-10 12:00:00 - Train Loss       : 0.4924
2023-10-10 12:00:00 - Train Accuracy   : 0.7619
2023-10-10 12:00:00 - Train F1 Score   : 0.7121
2023-10-10 12:00:00 - Train Precision  : 0.7215
2023-10-10 12:00:00 - Train Recall     : 0.8764
2023-10-10 12:00:00 - Train Specificity: 0.7244
2023-10-10 12:00:00 - Epoch 49 ----------------------------------------------
2023-10-10 12:00:00 - Train Loss       : 0.5603
2023-10-10 12:00:00 - Train Accuracy   : 0.8126
2023-10-10 12:00:00 - Train F1 Score   : 0.6952
2023-10-10 12:00:00 - Train Precision  : 0.6008
2023-10-10 12:00:00 - Train Recall     : 0.8770
2023-10-10 12:00:00 - Train Specificity: 0.7643
2023-10-10 12:00:00 - Epoch 50 ----------------------------------------------
2023-10-10 12:00:00 - Train Loss       : 0.4017
2023-10-10 12:00:00 - Train Accuracy   : 0.8853
2023-10-10 12:00:00 - Train F1 Score   : 0.6780
2023-10-10 12:00:00 - Train Precision  : 0.7563
2023-10-10 12:00:00 - Train Recall     : 0.7273
2023-10-10 12:00:00 - Train Specificity: 0.7112
2023-10-10 12:00:00 - Fold 3 end
2023-10-10 12:00:00 - Fold 3 : 0.8608 | BA: 0.8638 | Kappa: 0.8510 | AUC: 0.8626 | F1: 0.8122 | Pre: 0.8405 | Recall: 0.8883 | Spec: 0.8549
2023-10-10 12:00:00 - 
2023-10-10 12:00:00 - 84.721.89	84.461.90	85.392.16	86.013.56	80.134.22	86.284.75	89.804.38	86.752.07	
